<testsuites id="" name="" tests="16" failures="0" skipped="0" errors="0" time="53.330659999999995">
<testsuite name="..\auth.setup.ts" timestamp="2026-07-31T08:02:35.101Z" hostname="setup" tests="1" failures="0" skipped="0" time="2.002" errors="0">
<testcase name="authenticate" classname="..\auth.setup.ts" time="2.002">
</testcase>
</testsuite>
<testsuite name="auth.spec.ts" timestamp="2026-07-31T08:02:35.101Z" hostname="chromium" tests="3" failures="0" skipped="0" time="38.773" errors="0">
<testcase name="Authentication › should login successfully with valid credentials" classname="auth.spec.ts" time="7.434">
</testcase>
<testcase name="Authentication › should fail to login with invalid credentials" classname="auth.spec.ts" time="10.08">
</testcase>
<testcase name="Authentication › should logout successfully" classname="auth.spec.ts" time="21.259">
</testcase>
</testsuite>
<testsuite name="customers.spec.ts" timestamp="2026-07-31T08:02:35.101Z" hostname="chromium" tests="6" failures="0" skipped="0" time="81.813" errors="0">
<testcase name="Customers Module › should create a new customer successfully" classname="customers.spec.ts" time="11.015">
</testcase>
<testcase name="Customers Module › should fail to create customer with duplicate mobile" classname="customers.spec.ts" time="13.16">
</testcase>
<testcase name="Customers Module › should validate required fields" classname="customers.spec.ts" time="15.012">
</testcase>
<testcase name="Customers Module › should search customer" classname="customers.spec.ts" time="17.765">
</testcase>
<testcase name="Customers Module › should edit customer" classname="customers.spec.ts" time="12.747">
</testcase>
<testcase name="Customers Module › should delete customer" classname="customers.spec.ts" time="12.114">
</testcase>
</testsuite>
<testsuite name="dashboard.spec.ts" timestamp="2026-07-31T08:02:35.101Z" hostname="chromium" tests="4" failures="0" skipped="0" time="13.84" errors="0">
<testcase name="Dashboard › should load the dashboard successfully" classname="dashboard.spec.ts" time="5.431">
</testcase>
<testcase name="Dashboard › should display KPI cards" classname="dashboard.spec.ts" time="5.434">
</testcase>
<testcase name="Dashboard › should display recent activity and charts" classname="dashboard.spec.ts" time="1.549">
</testcase>
<testcase name="Dashboard › navigation links should be present" classname="dashboard.spec.ts" time="1.426">
</testcase>
</testsuite>
<testsuite name="suppliers.spec.ts" timestamp="2026-07-31T08:02:35.101Z" hostname="chromium" tests="2" failures="0" skipped="0" time="4.024" errors="0">
<testcase name="Suppliers Module › should create a new supplier successfully" classname="suppliers.spec.ts" time="1.779">
</testcase>
<testcase name="Suppliers Module › should edit supplier" classname="suppliers.spec.ts" time="2.245">
</testcase>
</testsuite>
</testsuites>